<?xml version="1.0" encoding="UTF-8"?>
<!-- Generated by org.testng.reporters.JUnitXMLReporter -->
<testsuite hostname="SRIMAMID-IN" ignored="1" name="Default test" tests="2" failures="0" timestamp="04 May 2021 17:51:48 GMT" time="115.571" errors="0">
  <testcase name="addContacts" time="11.681" classname="com.crm.qa.testCases.ContactsPageTest"/>
  <testcase name="addContacts" time="11.797" classname="com.crm.qa.testCases.ContactsPageTest"/>
  <testcase name="validateContactsLabelDisplay" time="0.0" classname="com.crm.qa.testCases.ContactsPageTest">
    <ignored/>
  </testcase> <!-- validateContactsLabelDisplay -->
</testsuite> <!-- Default test -->
