<?xml version="1.0" encoding="UTF-8"?>
<!-- Generated by org.testng.reporters.JUnitXMLReporter -->
<testsuite hostname="SRIMAMID-IN" ignored="1" name="exampletest1" tests="4" failures="0" timestamp="04 May 2021 17:55:06 GMT" time="171.477" errors="0">
  <testcase name="loginPageTitleTest" time="0.027" classname="com.crm.qa.testCases.LoginPageTest"/>
  <testcase name="addContacts" time="11.814" classname="com.crm.qa.testCases.ContactsPageTest"/>
  <testcase name="addContacts" time="12.191" classname="com.crm.qa.testCases.ContactsPageTest"/>
  <testcase name="loginTest" time="18.507" classname="com.crm.qa.testCases.LoginPageTest"/>
  <testcase name="validateContactsLabelDisplay" time="0.0" classname="com.crm.qa.testCases.ContactsPageTest">
    <ignored/>
  </testcase> <!-- validateContactsLabelDisplay -->
</testsuite> <!-- exampletest1 -->
