<?xml version="1.0" encoding="UTF-8"?>
<testsuite name="TestSuite" time="42.541" tests="4" errors="0" skipped="0" failures="0">
  <properties>
[...]
</properties>
  <testcase name="loginPageTitleTest" classname="com.crm.qa.testCases.LoginPageTest" time="0.027"/>
  <testcase name="addContacts" classname="com.crm.qa.testCases.ContactsPageTest" time="11.815"/>
  <testcase name="addContacts" classname="com.crm.qa.testCases.ContactsPageTest" time="12.192"/>
  <testcase name="loginTest" classname="com.crm.qa.testCases.LoginPageTest" time="18.507"/>
</testsuite>